Started GET "/" for ::1 at 2019-09-27 09:28:28 +0800
Processing by Rails::WelcomeController#index as HTML
  Rendering /Users/juzheng/.rvm/gems/ruby-2.5.0/gems/railties-5.1.7/lib/rails/templates/rails/welcome/index.html.erb
  Rendered /Users/juzheng/.rvm/gems/ruby-2.5.0/gems/railties-5.1.7/lib/rails/templates/rails/welcome/index.html.erb (3.8ms)
Completed 200 OK in 194ms (Views: 8.7ms)


Started GET "/favicon.ico" for ::1 at 2019-09-27 09:28:29 +0800
  
ActionController::RoutingError (No route matches [GET] "/favicon.ico"):
  
actionpack (5.1.7) lib/action_dispatch/middleware/debug_exceptions.rb:63:in `call'
actionpack (5.1.7) lib/action_dispatch/middleware/show_exceptions.rb:31:in `call'
railties (5.1.7) lib/rails/rack/logger.rb:36:in `call_app'
railties (5.1.7) lib/rails/rack/logger.rb:24:in `block in call'
activesupport (5.1.7) lib/active_support/tagged_logging.rb:69:in `block in tagged'
activesupport (5.1.7) lib/active_support/tagged_logging.rb:26:in `tagged'
activesupport (5.1.7) lib/active_support/tagged_logging.rb:69:in `tagged'
railties (5.1.7) lib/rails/rack/logger.rb:24:in `call'
actionpack (5.1.7) lib/action_dispatch/middleware/remote_ip.rb:79:in `call'
actionpack (5.1.7) lib/action_dispatch/middleware/request_id.rb:25:in `call'
rack (2.0.7) lib/rack/runtime.rb:22:in `call'
activesupport (5.1.7) lib/active_support/cache/strategy/local_cache_middleware.rb:27:in `call'
actionpack (5.1.7) lib/action_dispatch/middleware/executor.rb:12:in `call'
actionpack (5.1.7) lib/action_dispatch/middleware/static.rb:125:in `call'
rack (2.0.7) lib/rack/sendfile.rb:111:in `call'
railties (5.1.7) lib/rails/engine.rb:522:in `call'
puma (3.12.1) lib/puma/configuration.rb:227:in `call'
puma (3.12.1) lib/puma/server.rb:660:in `handle_request'
puma (3.12.1) lib/puma/server.rb:474:in `process_client'
puma (3.12.1) lib/puma/server.rb:334:in `block in run'
puma (3.12.1) lib/puma/thread_pool.rb:135:in `block in spawn_thread'
Started GET "/" for 172.17.20.81 at 2019-09-27 09:35:01 +0800
Processing by Rails::WelcomeController#index as HTML
  Rendering /Users/juzheng/.rvm/gems/ruby-2.5.0/gems/railties-5.1.7/lib/rails/templates/rails/welcome/index.html.erb
  Rendered /Users/juzheng/.rvm/gems/ruby-2.5.0/gems/railties-5.1.7/lib/rails/templates/rails/welcome/index.html.erb (4.1ms)
Completed 200 OK in 191ms (Views: 9.1ms)


Started GET "/favicon.ico" for 172.17.20.81 at 2019-09-27 09:35:01 +0800
  
ActionController::RoutingError (No route matches [GET] "/favicon.ico"):
  
actionpack (5.1.7) lib/action_dispatch/middleware/debug_exceptions.rb:63:in `call'
actionpack (5.1.7) lib/action_dispatch/middleware/show_exceptions.rb:31:in `call'
railties (5.1.7) lib/rails/rack/logger.rb:36:in `call_app'
railties (5.1.7) lib/rails/rack/logger.rb:24:in `block in call'
activesupport (5.1.7) lib/active_support/tagged_logging.rb:69:in `block in tagged'
activesupport (5.1.7) lib/active_support/tagged_logging.rb:26:in `tagged'
activesupport (5.1.7) lib/active_support/tagged_logging.rb:69:in `tagged'
railties (5.1.7) lib/rails/rack/logger.rb:24:in `call'
actionpack (5.1.7) lib/action_dispatch/middleware/remote_ip.rb:79:in `call'
actionpack (5.1.7) lib/action_dispatch/middleware/request_id.rb:25:in `call'
rack (2.0.7) lib/rack/runtime.rb:22:in `call'
activesupport (5.1.7) lib/active_support/cache/strategy/local_cache_middleware.rb:27:in `call'
actionpack (5.1.7) lib/action_dispatch/middleware/executor.rb:12:in `call'
actionpack (5.1.7) lib/action_dispatch/middleware/static.rb:125:in `call'
rack (2.0.7) lib/rack/sendfile.rb:111:in `call'
railties (5.1.7) lib/rails/engine.rb:522:in `call'
puma (3.12.1) lib/puma/configuration.rb:227:in `call'
puma (3.12.1) lib/puma/server.rb:660:in `handle_request'
puma (3.12.1) lib/puma/server.rb:474:in `process_client'
puma (3.12.1) lib/puma/server.rb:334:in `block in run'
puma (3.12.1) lib/puma/thread_pool.rb:135:in `block in spawn_thread'
  [1m[35m (0.3ms)[0m  [1m[34mSELECT sqlite_version(*)[0m
  [1m[35m (1.6ms)[0m  [1m[35mCREATE TABLE "schema_migrations" ("version" varchar NOT NULL PRIMARY KEY)[0m
  [1m[35m (1.1ms)[0m  [1m[35mCREATE TABLE "ar_internal_metadata" ("key" varchar NOT NULL PRIMARY KEY, "value" varchar, "created_at" datetime NOT NULL, "updated_at" datetime NOT NULL)[0m
  [1m[35m (0.1ms)[0m  [1m[34mSELECT "schema_migrations"."version" FROM "schema_migrations" ORDER BY "schema_migrations"."version" ASC[0m
Migrating to CreateUsers (20190927015222)
  [1m[35m (0.1ms)[0m  [1m[36mbegin transaction[0m
  [1m[35m (0.7ms)[0m  [1m[35mCREATE TABLE "users" ("id" INTEGER PRIMARY KEY AUTOINCREMENT NOT NULL, "username" varchar, "status" integer, "created_at" datetime NOT NULL, "updated_at" datetime NOT NULL)[0m
  [1m[35mSQL (0.2ms)[0m  [1m[32mINSERT INTO "schema_migrations" ("version") VALUES (?)[0m  [["version", "20190927015222"]]
  [1m[35m (0.9ms)[0m  [1m[36mcommit transaction[0m
  [1m[36mActiveRecord::InternalMetadata Load (0.2ms)[0m  [1m[34mSELECT  "ar_internal_metadata".* FROM "ar_internal_metadata" WHERE "ar_internal_metadata"."key" = ? LIMIT ?[0m  [["key", "environment"], ["LIMIT", 1]]
  [1m[35m (0.1ms)[0m  [1m[36mbegin transaction[0m
  [1m[35mSQL (0.3ms)[0m  [1m[32mINSERT INTO "ar_internal_metadata" ("key", "value", "created_at", "updated_at") VALUES (?, ?, ?, ?)[0m  [["key", "environment"], ["value", "development"], ["created_at", "2019-09-27 01:53:17.884279"], ["updated_at", "2019-09-27 01:53:17.884279"]]
  [1m[35m (0.7ms)[0m  [1m[36mcommit transaction[0m
  [1m[35m (0.2ms)[0m  [1m[34mSELECT "schema_migrations"."version" FROM "schema_migrations" ORDER BY "schema_migrations"."version" ASC[0m
Started GET "/users" for 172.17.20.81 at 2019-09-27 09:56:48 +0800
  [1m[35m (0.4ms)[0m  [1m[34mSELECT "schema_migrations"."version" FROM "schema_migrations" ORDER BY "schema_migrations"."version" ASC[0m
Processing by UsersController#index as HTML
  [1m[36mUser Load (0.4ms)[0m  [1m[34mSELECT "users".* FROM "users"[0m
Completed 200 OK in 4ms (Views: 1.3ms | ActiveRecord: 0.6ms)


Started POST "/users" for 172.17.20.81 at 2019-09-27 10:25:10 +0800
  [1m[35m (0.4ms)[0m  [1m[34mSELECT "schema_migrations"."version" FROM "schema_migrations" ORDER BY "schema_migrations"."version" ASC[0m
Processing by UsersController#create as */*
  Parameters: {"user"=>{}}
Completed 400 Bad Request in 0ms (ActiveRecord: 0.3ms)


  
ActionController::ParameterMissing (param is missing or the value is empty: user):
  
app/controllers/users_controller.rb:49:in `user_params'
app/controllers/users_controller.rb:18:in `create'
Started POST "/user" for 172.17.20.81 at 2019-09-27 10:25:21 +0800
  
ActionController::RoutingError (No route matches [POST] "/user"):
  
actionpack (5.1.7) lib/action_dispatch/middleware/debug_exceptions.rb:63:in `call'
actionpack (5.1.7) lib/action_dispatch/middleware/show_exceptions.rb:31:in `call'
railties (5.1.7) lib/rails/rack/logger.rb:36:in `call_app'
railties (5.1.7) lib/rails/rack/logger.rb:24:in `block in call'
activesupport (5.1.7) lib/active_support/tagged_logging.rb:69:in `block in tagged'
activesupport (5.1.7) lib/active_support/tagged_logging.rb:26:in `tagged'
activesupport (5.1.7) lib/active_support/tagged_logging.rb:69:in `tagged'
railties (5.1.7) lib/rails/rack/logger.rb:24:in `call'
actionpack (5.1.7) lib/action_dispatch/middleware/remote_ip.rb:79:in `call'
actionpack (5.1.7) lib/action_dispatch/middleware/request_id.rb:25:in `call'
rack (2.0.7) lib/rack/runtime.rb:22:in `call'
activesupport (5.1.7) lib/active_support/cache/strategy/local_cache_middleware.rb:27:in `call'
actionpack (5.1.7) lib/action_dispatch/middleware/executor.rb:12:in `call'
actionpack (5.1.7) lib/action_dispatch/middleware/static.rb:125:in `call'
rack (2.0.7) lib/rack/sendfile.rb:111:in `call'
railties (5.1.7) lib/rails/engine.rb:522:in `call'
puma (3.12.1) lib/puma/configuration.rb:227:in `call'
puma (3.12.1) lib/puma/server.rb:660:in `handle_request'
puma (3.12.1) lib/puma/server.rb:474:in `process_client'
puma (3.12.1) lib/puma/server.rb:334:in `block in run'
puma (3.12.1) lib/puma/thread_pool.rb:135:in `block in spawn_thread'
Started GET "/user" for 172.17.20.81 at 2019-09-27 10:25:38 +0800
  
ActionController::RoutingError (No route matches [GET] "/user"):
  
actionpack (5.1.7) lib/action_dispatch/middleware/debug_exceptions.rb:63:in `call'
actionpack (5.1.7) lib/action_dispatch/middleware/show_exceptions.rb:31:in `call'
railties (5.1.7) lib/rails/rack/logger.rb:36:in `call_app'
railties (5.1.7) lib/rails/rack/logger.rb:24:in `block in call'
activesupport (5.1.7) lib/active_support/tagged_logging.rb:69:in `block in tagged'
activesupport (5.1.7) lib/active_support/tagged_logging.rb:26:in `tagged'
activesupport (5.1.7) lib/active_support/tagged_logging.rb:69:in `tagged'
railties (5.1.7) lib/rails/rack/logger.rb:24:in `call'
actionpack (5.1.7) lib/action_dispatch/middleware/remote_ip.rb:79:in `call'
actionpack (5.1.7) lib/action_dispatch/middleware/request_id.rb:25:in `call'
rack (2.0.7) lib/rack/runtime.rb:22:in `call'
activesupport (5.1.7) lib/active_support/cache/strategy/local_cache_middleware.rb:27:in `call'
actionpack (5.1.7) lib/action_dispatch/middleware/executor.rb:12:in `call'
actionpack (5.1.7) lib/action_dispatch/middleware/static.rb:125:in `call'
rack (2.0.7) lib/rack/sendfile.rb:111:in `call'
railties (5.1.7) lib/rails/engine.rb:522:in `call'
puma (3.12.1) lib/puma/configuration.rb:227:in `call'
puma (3.12.1) lib/puma/server.rb:660:in `handle_request'
puma (3.12.1) lib/puma/server.rb:474:in `process_client'
puma (3.12.1) lib/puma/server.rb:334:in `block in run'
puma (3.12.1) lib/puma/thread_pool.rb:135:in `block in spawn_thread'
Started GET "/users" for 172.17.20.81 at 2019-09-27 10:25:41 +0800
Processing by UsersController#index as */*
  Parameters: {"user"=>{}}
  [1m[36mUser Load (1.2ms)[0m  [1m[34mSELECT "users".* FROM "users"[0m
Completed 200 OK in 6ms (Views: 2.7ms | ActiveRecord: 1.8ms)


  [1m[35m (0.1ms)[0m  [1m[34mSELECT "schema_migrations"."version" FROM "schema_migrations" ORDER BY "schema_migrations"."version" ASC[0m
  [1m[36mActiveRecord::InternalMetadata Load (0.5ms)[0m  [1m[34mSELECT  "ar_internal_metadata".* FROM "ar_internal_metadata" WHERE "ar_internal_metadata"."key" = ? LIMIT ?[0m  [["key", "environment"], ["LIMIT", 1]]
  [1m[35m (0.1ms)[0m  [1m[36mbegin transaction[0m
  [1m[35m (0.0ms)[0m  [1m[36mcommit transaction[0m
  [1m[35m (0.1ms)[0m  [1m[34mSELECT "schema_migrations"."version" FROM "schema_migrations" ORDER BY "schema_migrations"."version" ASC[0m
Started GET "/users" for 172.17.20.81 at 2019-09-27 10:27:52 +0800
  [1m[35m (0.2ms)[0m  [1m[34mSELECT "schema_migrations"."version" FROM "schema_migrations" ORDER BY "schema_migrations"."version" ASC[0m
Processing by UsersController#index as */*
  Parameters: {"user"=>{}}
  [1m[36mUser Load (0.2ms)[0m  [1m[34mSELECT "users".* FROM "users"[0m
Completed 200 OK in 1ms (Views: 0.6ms | ActiveRecord: 0.5ms)


Started POST "/users/1" for 172.17.20.81 at 2019-09-27 10:28:21 +0800
  
ActionController::RoutingError (No route matches [POST] "/users/1"):
  
actionpack (5.1.7) lib/action_dispatch/middleware/debug_exceptions.rb:63:in `call'
actionpack (5.1.7) lib/action_dispatch/middleware/show_exceptions.rb:31:in `call'
railties (5.1.7) lib/rails/rack/logger.rb:36:in `call_app'
railties (5.1.7) lib/rails/rack/logger.rb:24:in `block in call'
activesupport (5.1.7) lib/active_support/tagged_logging.rb:69:in `block in tagged'
activesupport (5.1.7) lib/active_support/tagged_logging.rb:26:in `tagged'
activesupport (5.1.7) lib/active_support/tagged_logging.rb:69:in `tagged'
railties (5.1.7) lib/rails/rack/logger.rb:24:in `call'
actionpack (5.1.7) lib/action_dispatch/middleware/remote_ip.rb:79:in `call'
actionpack (5.1.7) lib/action_dispatch/middleware/request_id.rb:25:in `call'
rack (2.0.7) lib/rack/runtime.rb:22:in `call'
activesupport (5.1.7) lib/active_support/cache/strategy/local_cache_middleware.rb:27:in `call'
actionpack (5.1.7) lib/action_dispatch/middleware/executor.rb:12:in `call'
actionpack (5.1.7) lib/action_dispatch/middleware/static.rb:125:in `call'
rack (2.0.7) lib/rack/sendfile.rb:111:in `call'
railties (5.1.7) lib/rails/engine.rb:522:in `call'
puma (3.12.1) lib/puma/configuration.rb:227:in `call'
puma (3.12.1) lib/puma/server.rb:660:in `handle_request'
puma (3.12.1) lib/puma/server.rb:474:in `process_client'
puma (3.12.1) lib/puma/server.rb:334:in `block in run'
puma (3.12.1) lib/puma/thread_pool.rb:135:in `block in spawn_thread'
Started POST "/users/1" for 172.17.20.81 at 2019-09-27 10:28:30 +0800
  
ActionController::RoutingError (No route matches [POST] "/users/1"):
  
actionpack (5.1.7) lib/action_dispatch/middleware/debug_exceptions.rb:63:in `call'
actionpack (5.1.7) lib/action_dispatch/middleware/show_exceptions.rb:31:in `call'
railties (5.1.7) lib/rails/rack/logger.rb:36:in `call_app'
railties (5.1.7) lib/rails/rack/logger.rb:24:in `block in call'
activesupport (5.1.7) lib/active_support/tagged_logging.rb:69:in `block in tagged'
activesupport (5.1.7) lib/active_support/tagged_logging.rb:26:in `tagged'
activesupport (5.1.7) lib/active_support/tagged_logging.rb:69:in `tagged'
railties (5.1.7) lib/rails/rack/logger.rb:24:in `call'
actionpack (5.1.7) lib/action_dispatch/middleware/remote_ip.rb:79:in `call'
actionpack (5.1.7) lib/action_dispatch/middleware/request_id.rb:25:in `call'
rack (2.0.7) lib/rack/runtime.rb:22:in `call'
activesupport (5.1.7) lib/active_support/cache/strategy/local_cache_middleware.rb:27:in `call'
actionpack (5.1.7) lib/action_dispatch/middleware/executor.rb:12:in `call'
actionpack (5.1.7) lib/action_dispatch/middleware/static.rb:125:in `call'
rack (2.0.7) lib/rack/sendfile.rb:111:in `call'
railties (5.1.7) lib/rails/engine.rb:522:in `call'
puma (3.12.1) lib/puma/configuration.rb:227:in `call'
puma (3.12.1) lib/puma/server.rb:660:in `handle_request'
puma (3.12.1) lib/puma/server.rb:474:in `process_client'
puma (3.12.1) lib/puma/server.rb:334:in `block in run'
puma (3.12.1) lib/puma/thread_pool.rb:135:in `block in spawn_thread'
Started POST "/users" for 172.17.20.81 at 2019-09-27 10:30:09 +0800
Processing by UsersController#create as */*
  Parameters: {"username"=>"admin", "status"=>1, "user"=>{"username"=>"admin", "status"=>1}}
  [1m[35m (0.1ms)[0m  [1m[36mbegin transaction[0m
  [1m[35mSQL (1.5ms)[0m  [1m[32mINSERT INTO "users" ("username", "status", "created_at", "updated_at") VALUES (?, ?, ?, ?)[0m  [["username", "admin"], ["status", 1], ["created_at", "2019-09-27 02:30:09.602721"], ["updated_at", "2019-09-27 02:30:09.602721"]]
  [1m[35m (0.9ms)[0m  [1m[36mcommit transaction[0m
Completed 201 Created in 15ms (Views: 1.6ms | ActiveRecord: 3.1ms)


Started GET "/users" for 172.17.20.81 at 2019-09-27 10:30:28 +0800
Processing by UsersController#index as */*
  Parameters: {"username"=>"admin", "status"=>1, "user"=>{"username"=>"admin", "status"=>1}}
  [1m[36mUser Load (0.6ms)[0m  [1m[34mSELECT "users".* FROM "users"[0m
Completed 200 OK in 6ms (Views: 4.7ms | ActiveRecord: 0.6ms)


Started POST "/users" for 172.17.20.81 at 2019-09-27 10:30:44 +0800
Processing by UsersController#create as */*
  Parameters: {"username"=>"jzzzzzzzz", "status"=>99999999999, "user"=>{"username"=>"jzzzzzzzz", "status"=>99999999999}}
  [1m[35m (0.2ms)[0m  [1m[36mbegin transaction[0m
  [1m[35m (0.1ms)[0m  [1m[31mrollback transaction[0m
Completed 500 Internal Server Error in 5ms (ActiveRecord: 0.3ms)


  
ActiveModel::RangeError (99999999999 is out of range for ActiveModel::Type::Integer with limit 4 bytes):
  
app/controllers/users_controller.rb:20:in `create'
Started POST "/users" for 172.17.20.81 at 2019-09-27 10:30:59 +0800
Processing by UsersController#create as */*
  Parameters: {"username"=>"jzzzzzzzz", "status"=>9999, "user"=>{"username"=>"jzzzzzzzz", "status"=>9999}}
  [1m[35m (0.1ms)[0m  [1m[36mbegin transaction[0m
  [1m[35mSQL (0.8ms)[0m  [1m[32mINSERT INTO "users" ("username", "status", "created_at", "updated_at") VALUES (?, ?, ?, ?)[0m  [["username", "jzzzzzzzz"], ["status", 9999], ["created_at", "2019-09-27 02:30:59.230436"], ["updated_at", "2019-09-27 02:30:59.230436"]]
  [1m[35m (1.1ms)[0m  [1m[36mcommit transaction[0m
Completed 201 Created in 6ms (Views: 0.6ms | ActiveRecord: 2.0ms)


Started GET "/users" for 172.17.20.81 at 2019-09-27 10:31:08 +0800
Processing by UsersController#index as */*
  Parameters: {"username"=>"jzzzzzzzz", "status"=>9999, "user"=>{"username"=>"jzzzzzzzz", "status"=>9999}}
  [1m[36mUser Load (0.2ms)[0m  [1m[34mSELECT "users".* FROM "users"[0m
Completed 200 OK in 2ms (Views: 1.5ms | ActiveRecord: 0.2ms)


Started GET "/users" for 172.17.20.81 at 2019-09-27 10:31:23 +0800
Processing by UsersController#index as */*
  Parameters: {"username"=>"gyc", "status"=>8888, "user"=>{"username"=>"gyc", "status"=>8888}}
  [1m[36mUser Load (0.2ms)[0m  [1m[34mSELECT "users".* FROM "users"[0m
Completed 200 OK in 3ms (Views: 2.4ms | ActiveRecord: 0.2ms)


Started POST "/users" for 172.17.20.81 at 2019-09-27 10:31:30 +0800
Processing by UsersController#create as */*
  Parameters: {"username"=>"gyc", "status"=>8888, "user"=>{"username"=>"gyc", "status"=>8888}}
  [1m[35m (0.1ms)[0m  [1m[36mbegin transaction[0m
  [1m[35mSQL (0.7ms)[0m  [1m[32mINSERT INTO "users" ("username", "status", "created_at", "updated_at") VALUES (?, ?, ?, ?)[0m  [["username", "gyc"], ["status", 8888], ["created_at", "2019-09-27 02:31:30.511237"], ["updated_at", "2019-09-27 02:31:30.511237"]]
  [1m[35m (1.7ms)[0m  [1m[36mcommit transaction[0m
Completed 201 Created in 6ms (Views: 0.8ms | ActiveRecord: 2.5ms)


Started GET "/users" for 172.17.20.81 at 2019-09-27 10:31:35 +0800
Processing by UsersController#index as */*
  Parameters: {"username"=>"gyc", "status"=>8888, "user"=>{"username"=>"gyc", "status"=>8888}}
  [1m[36mUser Load (0.2ms)[0m  [1m[34mSELECT "users".* FROM "users"[0m
Completed 200 OK in 2ms (Views: 1.6ms | ActiveRecord: 0.2ms)


Started GET "/users" for 172.17.20.81 at 2019-09-27 13:28:47 +0800
Processing by UsersController#index as */*
  Parameters: {"username"=>"gyc", "status"=>8888, "user"=>{"username"=>"gyc", "status"=>8888}}
  [1m[36mUser Load (0.2ms)[0m  [1m[34mSELECT "users".* FROM "users"[0m
Completed 200 OK in 21ms (Views: 19.3ms | ActiveRecord: 1.9ms)


Started POST "/users/3" for 172.17.20.81 at 2019-09-27 14:23:39 +0800
  [1m[35m (0.3ms)[0m  [1m[34mSELECT "schema_migrations"."version" FROM "schema_migrations" ORDER BY "schema_migrations"."version" ASC[0m
  
ActionController::RoutingError (No route matches [POST] "/users/3"):
  
actionpack (5.1.7) lib/action_dispatch/middleware/debug_exceptions.rb:63:in `call'
actionpack (5.1.7) lib/action_dispatch/middleware/show_exceptions.rb:31:in `call'
railties (5.1.7) lib/rails/rack/logger.rb:36:in `call_app'
railties (5.1.7) lib/rails/rack/logger.rb:24:in `block in call'
activesupport (5.1.7) lib/active_support/tagged_logging.rb:69:in `block in tagged'
activesupport (5.1.7) lib/active_support/tagged_logging.rb:26:in `tagged'
activesupport (5.1.7) lib/active_support/tagged_logging.rb:69:in `tagged'
railties (5.1.7) lib/rails/rack/logger.rb:24:in `call'
actionpack (5.1.7) lib/action_dispatch/middleware/remote_ip.rb:79:in `call'
actionpack (5.1.7) lib/action_dispatch/middleware/request_id.rb:25:in `call'
rack (2.0.7) lib/rack/runtime.rb:22:in `call'
activesupport (5.1.7) lib/active_support/cache/strategy/local_cache_middleware.rb:27:in `call'
actionpack (5.1.7) lib/action_dispatch/middleware/executor.rb:12:in `call'
actionpack (5.1.7) lib/action_dispatch/middleware/static.rb:125:in `call'
rack (2.0.7) lib/rack/sendfile.rb:111:in `call'
railties (5.1.7) lib/rails/engine.rb:522:in `call'
puma (3.12.1) lib/puma/configuration.rb:227:in `call'
puma (3.12.1) lib/puma/server.rb:660:in `handle_request'
puma (3.12.1) lib/puma/server.rb:474:in `process_client'
puma (3.12.1) lib/puma/server.rb:334:in `block in run'
puma (3.12.1) lib/puma/thread_pool.rb:135:in `block in spawn_thread'
Started POST "/users/delete/3" for 172.17.20.81 at 2019-09-27 14:23:49 +0800
Processing by UsersController#my_delete as */*
  Parameters: {"id"=>"3", "user"=>{}}
Completed 500 Internal Server Error in 1ms (ActiveRecord: 0.5ms)


  
NoMethodError (undefined method `destroy' for nil:NilClass):
  
app/controllers/users_controller.rb:6:in `my_delete'
Started POST "/users" for 172.17.20.81 at 2019-09-27 14:24:03 +0800
Processing by UsersController#create as */*
  Parameters: {"user"=>{}}
Completed 400 Bad Request in 0ms (ActiveRecord: 0.0ms)


  
ActionController::ParameterMissing (param is missing or the value is empty: user):
  
app/controllers/users_controller.rb:54:in `user_params'
app/controllers/users_controller.rb:23:in `create'
Started GET "/users" for 172.17.20.81 at 2019-09-27 14:24:09 +0800
Processing by UsersController#index as */*
  Parameters: {"user"=>{}}
  [1m[36mUser Load (1.3ms)[0m  [1m[34mSELECT "users".* FROM "users"[0m
Completed 200 OK in 13ms (Views: 10.3ms | ActiveRecord: 1.9ms)


Started GET "/users/delete/1" for 172.17.20.81 at 2019-09-27 14:26:56 +0800
  [1m[35m (0.4ms)[0m  [1m[34mSELECT "schema_migrations"."version" FROM "schema_migrations" ORDER BY "schema_migrations"."version" ASC[0m
  
ActionController::RoutingError (No route matches [GET] "/users/delete/1"):
  
actionpack (5.1.7) lib/action_dispatch/middleware/debug_exceptions.rb:63:in `call'
actionpack (5.1.7) lib/action_dispatch/middleware/show_exceptions.rb:31:in `call'
railties (5.1.7) lib/rails/rack/logger.rb:36:in `call_app'
railties (5.1.7) lib/rails/rack/logger.rb:24:in `block in call'
activesupport (5.1.7) lib/active_support/tagged_logging.rb:69:in `block in tagged'
activesupport (5.1.7) lib/active_support/tagged_logging.rb:26:in `tagged'
activesupport (5.1.7) lib/active_support/tagged_logging.rb:69:in `tagged'
railties (5.1.7) lib/rails/rack/logger.rb:24:in `call'
actionpack (5.1.7) lib/action_dispatch/middleware/remote_ip.rb:79:in `call'
actionpack (5.1.7) lib/action_dispatch/middleware/request_id.rb:25:in `call'
rack (2.0.7) lib/rack/runtime.rb:22:in `call'
activesupport (5.1.7) lib/active_support/cache/strategy/local_cache_middleware.rb:27:in `call'
actionpack (5.1.7) lib/action_dispatch/middleware/executor.rb:12:in `call'
actionpack (5.1.7) lib/action_dispatch/middleware/static.rb:125:in `call'
rack (2.0.7) lib/rack/sendfile.rb:111:in `call'
railties (5.1.7) lib/rails/engine.rb:522:in `call'
puma (3.12.1) lib/puma/configuration.rb:227:in `call'
puma (3.12.1) lib/puma/server.rb:660:in `handle_request'
puma (3.12.1) lib/puma/server.rb:474:in `process_client'
puma (3.12.1) lib/puma/server.rb:334:in `block in run'
puma (3.12.1) lib/puma/thread_pool.rb:135:in `block in spawn_thread'
Started POST "/users/delete/1" for 172.17.20.81 at 2019-09-27 14:27:01 +0800
Processing by UsersController#my_delete as */*
  Parameters: {"id"=>"1", "user"=>{}}
  [1m[36mUser Load (0.4ms)[0m  [1m[34mSELECT  "users".* FROM "users" WHERE "users"."id" = ? LIMIT ?[0m  [["id", 1], ["LIMIT", 1]]
  [1m[35m (0.1ms)[0m  [1m[36mbegin transaction[0m
  [1m[35mSQL (0.6ms)[0m  [1m[31mDELETE FROM "users" WHERE "users"."id" = ?[0m  [["id", 1]]
  [1m[35m (0.9ms)[0m  [1m[36mcommit transaction[0m
Completed 204 No Content in 16ms (ActiveRecord: 2.8ms)


Started GET "/users" for 172.17.20.81 at 2019-09-27 14:27:10 +0800
Processing by UsersController#index as */*
  Parameters: {"user"=>{}}
  [1m[36mUser Load (0.4ms)[0m  [1m[34mSELECT "users".* FROM "users"[0m
Completed 200 OK in 3ms (Views: 2.4ms | ActiveRecord: 0.4ms)


Started POST "/users/delete/3" for 172.17.20.81 at 2019-09-27 14:28:53 +0800
  
SyntaxError (/Users/juzheng/Desktop/my_api/app/controllers/users_controller.rb:9: syntax error, unexpected tSTRING_BEG, expecting keyword_end
      render json: @user "has been deleted!"
                         ^
/Users/juzheng/Desktop/my_api/app/controllers/users_controller.rb:59: syntax error, unexpected end-of-input, expecting keyword_end):
  
app/controllers/users_controller.rb:9: syntax error, unexpected tSTRING_BEG, expecting keyword_end
app/controllers/users_controller.rb:59: syntax error, unexpected end-of-input, expecting keyword_end
Started POST "/users/delete/3" for 172.17.20.81 at 2019-09-27 14:29:26 +0800
  
SyntaxError (/Users/juzheng/Desktop/my_api/app/controllers/users_controller.rb:59: syntax error, unexpected end-of-input, expecting keyword_end):
  
app/controllers/users_controller.rb:59: syntax error, unexpected end-of-input, expecting keyword_end
Started POST "/users/delete/3" for 172.17.20.81 at 2019-09-27 14:31:10 +0800
  
SyntaxError (/Users/juzheng/Desktop/my_api/app/controllers/users_controller.rb:11: syntax error, unexpected tLABEL
      render json: status:error
                   ^~~~~~~
/Users/juzheng/Desktop/my_api/app/controllers/users_controller.rb:61: syntax error, unexpected end-of-input, expecting keyword_end):
  
app/controllers/users_controller.rb:11: syntax error, unexpected tLABEL
app/controllers/users_controller.rb:61: syntax error, unexpected end-of-input, expecting keyword_end
Started POST "/users/delete/3" for 172.17.20.81 at 2019-09-27 14:31:11 +0800
  
SyntaxError (/Users/juzheng/Desktop/my_api/app/controllers/users_controller.rb:11: syntax error, unexpected tLABEL
      render json: status:error
                   ^~~~~~~
/Users/juzheng/Desktop/my_api/app/controllers/users_controller.rb:61: syntax error, unexpected end-of-input, expecting keyword_end):
  
app/controllers/users_controller.rb:11: syntax error, unexpected tLABEL
app/controllers/users_controller.rb:61: syntax error, unexpected end-of-input, expecting keyword_end
Started POST "/users/delete/2" for 172.17.20.81 at 2019-09-27 14:31:15 +0800
  
SyntaxError (/Users/juzheng/Desktop/my_api/app/controllers/users_controller.rb:11: syntax error, unexpected tLABEL
      render json: status:error
                   ^~~~~~~
/Users/juzheng/Desktop/my_api/app/controllers/users_controller.rb:61: syntax error, unexpected end-of-input, expecting keyword_end):
  
app/controllers/users_controller.rb:11: syntax error, unexpected tLABEL
app/controllers/users_controller.rb:61: syntax error, unexpected end-of-input, expecting keyword_end
Started POST "/users/delete/1" for 172.17.20.81 at 2019-09-27 14:31:18 +0800
  
SyntaxError (/Users/juzheng/Desktop/my_api/app/controllers/users_controller.rb:11: syntax error, unexpected tLABEL
      render json: status:error
                   ^~~~~~~
/Users/juzheng/Desktop/my_api/app/controllers/users_controller.rb:61: syntax error, unexpected end-of-input, expecting keyword_end):
  
app/controllers/users_controller.rb:11: syntax error, unexpected tLABEL
app/controllers/users_controller.rb:61: syntax error, unexpected end-of-input, expecting keyword_end
Started POST "/users/delete/11" for 172.17.20.81 at 2019-09-27 14:31:21 +0800
  
SyntaxError (/Users/juzheng/Desktop/my_api/app/controllers/users_controller.rb:11: syntax error, unexpected tLABEL
      render json: status:error
                   ^~~~~~~
/Users/juzheng/Desktop/my_api/app/controllers/users_controller.rb:61: syntax error, unexpected end-of-input, expecting keyword_end):
  
app/controllers/users_controller.rb:11: syntax error, unexpected tLABEL
app/controllers/users_controller.rb:61: syntax error, unexpected end-of-input, expecting keyword_end
Started POST "/users/delete/11" for 172.17.20.81 at 2019-09-27 14:32:01 +0800
  
SyntaxError (/Users/juzheng/Desktop/my_api/app/controllers/users_controller.rb:11: syntax error, unexpected tLABEL
      render json: status:error
                   ^~~~~~~):
  
app/controllers/users_controller.rb:11: syntax error, unexpected tLABEL
Started POST "/users/delete/1" for 172.17.20.81 at 2019-09-27 14:32:07 +0800
  
SyntaxError (/Users/juzheng/Desktop/my_api/app/controllers/users_controller.rb:11: syntax error, unexpected tLABEL
      render json: status:error
                   ^~~~~~~):
  
app/controllers/users_controller.rb:11: syntax error, unexpected tLABEL
Started POST "/users/delete/1" for 172.17.20.81 at 2019-09-27 14:33:44 +0800
  
SyntaxError (/Users/juzheng/Desktop/my_api/app/controllers/users_controller.rb:11: syntax error, unexpected tLABEL
      render json: status: :error
                   ^~~~~~~):
  
app/controllers/users_controller.rb:11: syntax error, unexpected tLABEL
Started POST "/users/delete/w" for 172.17.20.81 at 2019-09-27 14:33:50 +0800
  
SyntaxError (/Users/juzheng/Desktop/my_api/app/controllers/users_controller.rb:11: syntax error, unexpected tLABEL
      render json: status: :error
                   ^~~~~~~):
  
app/controllers/users_controller.rb:11: syntax error, unexpected tLABEL
Started POST "/users/delete/w" for 172.17.20.81 at 2019-09-27 14:35:24 +0800
  [1m[35m (0.4ms)[0m  [1m[34mSELECT "schema_migrations"."version" FROM "schema_migrations" ORDER BY "schema_migrations"."version" ASC[0m
  
SyntaxError (/Users/juzheng/Desktop/my_api/app/controllers/users_controller.rb:11: syntax error, unexpected tLABEL
      render json: status: :error
                   ^~~~~~~):
  
app/controllers/users_controller.rb:11: syntax error, unexpected tLABEL
Started POST "/users/delete/1" for 172.17.20.81 at 2019-09-27 14:35:30 +0800
  
SyntaxError (/Users/juzheng/Desktop/my_api/app/controllers/users_controller.rb:11: syntax error, unexpected tLABEL
      render json: status: :error
                   ^~~~~~~):
  
app/controllers/users_controller.rb:11: syntax error, unexpected tLABEL
Started GET "/users" for 172.17.20.81 at 2019-09-27 14:35:36 +0800
  
SyntaxError (/Users/juzheng/Desktop/my_api/app/controllers/users_controller.rb:11: syntax error, unexpected tLABEL
      render json: status: :error
                   ^~~~~~~):
  
app/controllers/users_controller.rb:11: syntax error, unexpected tLABEL
Started GET "/" for 172.17.20.81 at 2019-09-27 14:35:43 +0800
Processing by Rails::WelcomeController#index as */*
  Parameters: {"welcome"=>{}}
  Rendering /Users/juzheng/.rvm/gems/ruby-2.5.0/gems/railties-5.1.7/lib/rails/templates/rails/welcome/index.html.erb
  Rendered /Users/juzheng/.rvm/gems/ruby-2.5.0/gems/railties-5.1.7/lib/rails/templates/rails/welcome/index.html.erb (2.9ms)
Completed 200 OK in 45ms (Views: 21.9ms | ActiveRecord: 0.0ms)


Started GET "/user" for 172.17.20.81 at 2019-09-27 14:35:53 +0800
  
ActionController::RoutingError (No route matches [GET] "/user"):
  
actionpack (5.1.7) lib/action_dispatch/middleware/debug_exceptions.rb:63:in `call'
actionpack (5.1.7) lib/action_dispatch/middleware/show_exceptions.rb:31:in `call'
railties (5.1.7) lib/rails/rack/logger.rb:36:in `call_app'
railties (5.1.7) lib/rails/rack/logger.rb:24:in `block in call'
activesupport (5.1.7) lib/active_support/tagged_logging.rb:69:in `block in tagged'
activesupport (5.1.7) lib/active_support/tagged_logging.rb:26:in `tagged'
activesupport (5.1.7) lib/active_support/tagged_logging.rb:69:in `tagged'
railties (5.1.7) lib/rails/rack/logger.rb:24:in `call'
actionpack (5.1.7) lib/action_dispatch/middleware/remote_ip.rb:79:in `call'
actionpack (5.1.7) lib/action_dispatch/middleware/request_id.rb:25:in `call'
rack (2.0.7) lib/rack/runtime.rb:22:in `call'
activesupport (5.1.7) lib/active_support/cache/strategy/local_cache_middleware.rb:27:in `call'
actionpack (5.1.7) lib/action_dispatch/middleware/executor.rb:12:in `call'
actionpack (5.1.7) lib/action_dispatch/middleware/static.rb:125:in `call'
rack (2.0.7) lib/rack/sendfile.rb:111:in `call'
railties (5.1.7) lib/rails/engine.rb:522:in `call'
puma (3.12.1) lib/puma/configuration.rb:227:in `call'
puma (3.12.1) lib/puma/server.rb:660:in `handle_request'
puma (3.12.1) lib/puma/server.rb:474:in `process_client'
puma (3.12.1) lib/puma/server.rb:334:in `block in run'
puma (3.12.1) lib/puma/thread_pool.rb:135:in `block in spawn_thread'
Started GET "/users" for 172.17.20.81 at 2019-09-27 14:35:56 +0800
  
SyntaxError (/Users/juzheng/Desktop/my_api/app/controllers/users_controller.rb:11: syntax error, unexpected tLABEL
      render json: status: :error
                   ^~~~~~~):
  
app/controllers/users_controller.rb:11: syntax error, unexpected tLABEL
Started GET "/users" for 172.17.20.81 at 2019-09-27 14:36:19 +0800
  
SyntaxError (/Users/juzheng/Desktop/my_api/app/controllers/users_controller.rb:11: syntax error, unexpected tLABEL
      render json: status: :error
                   ^~~~~~~):
  
app/controllers/users_controller.rb:11: syntax error, unexpected tLABEL
Started GET "/users" for 172.17.20.81 at 2019-09-27 14:38:30 +0800
Processing by UsersController#index as HTML
  [1m[36mUser Load (0.4ms)[0m  [1m[34mSELECT "users".* FROM "users"[0m
Completed 200 OK in 13ms (Views: 9.6ms | ActiveRecord: 1.4ms)


Started GET "/users" for 172.17.20.81 at 2019-09-27 14:39:02 +0800
Processing by UsersController#index as */*
  Parameters: {"user"=>{}}
  [1m[36mUser Load (0.2ms)[0m  [1m[34mSELECT "users".* FROM "users"[0m
Completed 200 OK in 2ms (Views: 1.3ms | ActiveRecord: 0.2ms)


Started GET "/users/delete/3" for 172.17.20.81 at 2019-09-27 14:39:09 +0800
  
ActionController::RoutingError (No route matches [GET] "/users/delete/3"):
  
actionpack (5.1.7) lib/action_dispatch/middleware/debug_exceptions.rb:63:in `call'
actionpack (5.1.7) lib/action_dispatch/middleware/show_exceptions.rb:31:in `call'
railties (5.1.7) lib/rails/rack/logger.rb:36:in `call_app'
railties (5.1.7) lib/rails/rack/logger.rb:24:in `block in call'
activesupport (5.1.7) lib/active_support/tagged_logging.rb:69:in `block in tagged'
activesupport (5.1.7) lib/active_support/tagged_logging.rb:26:in `tagged'
activesupport (5.1.7) lib/active_support/tagged_logging.rb:69:in `tagged'
railties (5.1.7) lib/rails/rack/logger.rb:24:in `call'
actionpack (5.1.7) lib/action_dispatch/middleware/remote_ip.rb:79:in `call'
actionpack (5.1.7) lib/action_dispatch/middleware/request_id.rb:25:in `call'
rack (2.0.7) lib/rack/runtime.rb:22:in `call'
activesupport (5.1.7) lib/active_support/cache/strategy/local_cache_middleware.rb:27:in `call'
actionpack (5.1.7) lib/action_dispatch/middleware/executor.rb:12:in `call'
actionpack (5.1.7) lib/action_dispatch/middleware/static.rb:125:in `call'
rack (2.0.7) lib/rack/sendfile.rb:111:in `call'
railties (5.1.7) lib/rails/engine.rb:522:in `call'
puma (3.12.1) lib/puma/configuration.rb:227:in `call'
puma (3.12.1) lib/puma/server.rb:660:in `handle_request'
puma (3.12.1) lib/puma/server.rb:474:in `process_client'
puma (3.12.1) lib/puma/server.rb:334:in `block in run'
puma (3.12.1) lib/puma/thread_pool.rb:135:in `block in spawn_thread'
Started POST "/users/delete/3" for 172.17.20.81 at 2019-09-27 14:39:22 +0800
Processing by UsersController#my_delete as */*
  Parameters: {"id"=>"3", "user"=>{}}
  [1m[36mUser Load (0.3ms)[0m  [1m[34mSELECT  "users".* FROM "users" WHERE "users"."id" = ? LIMIT ?[0m  [["id", 3], ["LIMIT", 1]]
  [1m[35m (0.1ms)[0m  [1m[36mbegin transaction[0m
  [1m[35mSQL (0.6ms)[0m  [1m[31mDELETE FROM "users" WHERE "users"."id" = ?[0m  [["id", 3]]
  [1m[35m (1.0ms)[0m  [1m[36mcommit transaction[0m
Completed 500 Internal Server Error in 8ms (Views: 0.6ms | ActiveRecord: 2.0ms)


Started POST "/users/delete/3e" for 172.17.20.81 at 2019-09-27 14:39:33 +0800
Processing by UsersController#my_delete as */*
  Parameters: {"id"=>"3e", "user"=>{}}
  [1m[36mUser Load (0.3ms)[0m  [1m[34mSELECT  "users".* FROM "users" WHERE "users"."id" = ? LIMIT ?[0m  [["id", 3], ["LIMIT", 1]]
Completed 404 Not Found in 3ms (ActiveRecord: 0.3ms)


  
ActiveRecord::RecordNotFound (Couldn't find User with 'id'=3e):
  
app/controllers/users_controller.rb:6:in `my_delete'
Started POST "/users/delete/33" for 172.17.20.81 at 2019-09-27 14:39:37 +0800
Processing by UsersController#my_delete as */*
  Parameters: {"id"=>"33", "user"=>{}}
  [1m[36mUser Load (0.4ms)[0m  [1m[34mSELECT  "users".* FROM "users" WHERE "users"."id" = ? LIMIT ?[0m  [["id", 33], ["LIMIT", 1]]
Completed 404 Not Found in 2ms (ActiveRecord: 0.4ms)


  
ActiveRecord::RecordNotFound (Couldn't find User with 'id'=33):
  
app/controllers/users_controller.rb:6:in `my_delete'
Started POST "/users/delete/3" for 172.17.20.81 at 2019-09-27 14:39:46 +0800
Processing by UsersController#my_delete as */*
  Parameters: {"id"=>"3", "user"=>{}}
  [1m[36mUser Load (0.1ms)[0m  [1m[34mSELECT  "users".* FROM "users" WHERE "users"."id" = ? LIMIT ?[0m  [["id", 3], ["LIMIT", 1]]
Completed 404 Not Found in 2ms (ActiveRecord: 0.1ms)


  
ActiveRecord::RecordNotFound (Couldn't find User with 'id'=3):
  
app/controllers/users_controller.rb:6:in `my_delete'
Started GET "/users" for 172.17.20.81 at 2019-09-27 14:40:40 +0800
Processing by UsersController#index as */*
  [1m[36mUser Load (0.2ms)[0m  [1m[34mSELECT "users".* FROM "users"[0m
Completed 200 OK in 2ms (Views: 1.2ms | ActiveRecord: 0.2ms)


Started GET "/users/1" for 172.17.20.81 at 2019-09-27 14:49:45 +0800
Processing by UsersController#show as HTML
  Parameters: {"id"=>"1"}
  [1m[36mUser Load (1.1ms)[0m  [1m[34mSELECT  "users".* FROM "users" WHERE "users"."id" = ? LIMIT ?[0m  [["id", 1], ["LIMIT", 1]]
Completed 404 Not Found in 10ms (ActiveRecord: 2.2ms)


  
ActiveRecord::RecordNotFound (Couldn't find User with 'id'=1):
  
app/controllers/users_controller.rb:71:in `set_user'
Started GET "/users" for 172.17.20.81 at 2019-09-27 14:52:16 +0800
Processing by UsersController#index as */*
  [1m[36mUser Load (0.2ms)[0m  [1m[34mSELECT "users".* FROM "users"[0m
Completed 200 OK in 14ms (Views: 10.3ms | ActiveRecord: 1.3ms)


Started GET "/my_retrieve_all/" for 172.17.20.81 at 2019-09-27 14:52:38 +0800
  
ActionController::RoutingError (No route matches [GET] "/my_retrieve_all"):
  
actionpack (5.1.7) lib/action_dispatch/middleware/debug_exceptions.rb:63:in `call'
actionpack (5.1.7) lib/action_dispatch/middleware/show_exceptions.rb:31:in `call'
railties (5.1.7) lib/rails/rack/logger.rb:36:in `call_app'
railties (5.1.7) lib/rails/rack/logger.rb:24:in `block in call'
activesupport (5.1.7) lib/active_support/tagged_logging.rb:69:in `block in tagged'
activesupport (5.1.7) lib/active_support/tagged_logging.rb:26:in `tagged'
activesupport (5.1.7) lib/active_support/tagged_logging.rb:69:in `tagged'
railties (5.1.7) lib/rails/rack/logger.rb:24:in `call'
actionpack (5.1.7) lib/action_dispatch/middleware/remote_ip.rb:79:in `call'
actionpack (5.1.7) lib/action_dispatch/middleware/request_id.rb:25:in `call'
rack (2.0.7) lib/rack/runtime.rb:22:in `call'
activesupport (5.1.7) lib/active_support/cache/strategy/local_cache_middleware.rb:27:in `call'
actionpack (5.1.7) lib/action_dispatch/middleware/executor.rb:12:in `call'
actionpack (5.1.7) lib/action_dispatch/middleware/static.rb:125:in `call'
rack (2.0.7) lib/rack/sendfile.rb:111:in `call'
railties (5.1.7) lib/rails/engine.rb:522:in `call'
puma (3.12.1) lib/puma/configuration.rb:227:in `call'
puma (3.12.1) lib/puma/server.rb:660:in `handle_request'
puma (3.12.1) lib/puma/server.rb:474:in `process_client'
puma (3.12.1) lib/puma/server.rb:334:in `block in run'
puma (3.12.1) lib/puma/thread_pool.rb:135:in `block in spawn_thread'
Started GET "/my_retrieve_all" for 172.17.20.81 at 2019-09-27 14:52:45 +0800
  
ActionController::RoutingError (No route matches [GET] "/my_retrieve_all"):
  
actionpack (5.1.7) lib/action_dispatch/middleware/debug_exceptions.rb:63:in `call'
actionpack (5.1.7) lib/action_dispatch/middleware/show_exceptions.rb:31:in `call'
railties (5.1.7) lib/rails/rack/logger.rb:36:in `call_app'
railties (5.1.7) lib/rails/rack/logger.rb:24:in `block in call'
activesupport (5.1.7) lib/active_support/tagged_logging.rb:69:in `block in tagged'
activesupport (5.1.7) lib/active_support/tagged_logging.rb:26:in `tagged'
activesupport (5.1.7) lib/active_support/tagged_logging.rb:69:in `tagged'
railties (5.1.7) lib/rails/rack/logger.rb:24:in `call'
actionpack (5.1.7) lib/action_dispatch/middleware/remote_ip.rb:79:in `call'
actionpack (5.1.7) lib/action_dispatch/middleware/request_id.rb:25:in `call'
rack (2.0.7) lib/rack/runtime.rb:22:in `call'
activesupport (5.1.7) lib/active_support/cache/strategy/local_cache_middleware.rb:27:in `call'
actionpack (5.1.7) lib/action_dispatch/middleware/executor.rb:12:in `call'
actionpack (5.1.7) lib/action_dispatch/middleware/static.rb:125:in `call'
rack (2.0.7) lib/rack/sendfile.rb:111:in `call'
railties (5.1.7) lib/rails/engine.rb:522:in `call'
puma (3.12.1) lib/puma/configuration.rb:227:in `call'
puma (3.12.1) lib/puma/server.rb:660:in `handle_request'
puma (3.12.1) lib/puma/server.rb:474:in `process_client'
puma (3.12.1) lib/puma/server.rb:334:in `block in run'
puma (3.12.1) lib/puma/thread_pool.rb:135:in `block in spawn_thread'
Started GET "/retrieve_all" for 172.17.20.81 at 2019-09-27 14:52:59 +0800
  
ActionController::RoutingError (No route matches [GET] "/retrieve_all"):
  
actionpack (5.1.7) lib/action_dispatch/middleware/debug_exceptions.rb:63:in `call'
actionpack (5.1.7) lib/action_dispatch/middleware/show_exceptions.rb:31:in `call'
railties (5.1.7) lib/rails/rack/logger.rb:36:in `call_app'
railties (5.1.7) lib/rails/rack/logger.rb:24:in `block in call'
activesupport (5.1.7) lib/active_support/tagged_logging.rb:69:in `block in tagged'
activesupport (5.1.7) lib/active_support/tagged_logging.rb:26:in `tagged'
activesupport (5.1.7) lib/active_support/tagged_logging.rb:69:in `tagged'
railties (5.1.7) lib/rails/rack/logger.rb:24:in `call'
actionpack (5.1.7) lib/action_dispatch/middleware/remote_ip.rb:79:in `call'
actionpack (5.1.7) lib/action_dispatch/middleware/request_id.rb:25:in `call'
rack (2.0.7) lib/rack/runtime.rb:22:in `call'
activesupport (5.1.7) lib/active_support/cache/strategy/local_cache_middleware.rb:27:in `call'
actionpack (5.1.7) lib/action_dispatch/middleware/executor.rb:12:in `call'
actionpack (5.1.7) lib/action_dispatch/middleware/static.rb:125:in `call'
rack (2.0.7) lib/rack/sendfile.rb:111:in `call'
railties (5.1.7) lib/rails/engine.rb:522:in `call'
puma (3.12.1) lib/puma/configuration.rb:227:in `call'
puma (3.12.1) lib/puma/server.rb:660:in `handle_request'
puma (3.12.1) lib/puma/server.rb:474:in `process_client'
puma (3.12.1) lib/puma/server.rb:334:in `block in run'
puma (3.12.1) lib/puma/thread_pool.rb:135:in `block in spawn_thread'
Started GET "/users/retrieve_all" for 172.17.20.81 at 2019-09-27 14:53:11 +0800
Processing by UsersController#show as */*
  Parameters: {"id"=>"retrieve_all"}
  [1m[36mUser Load (0.3ms)[0m  [1m[34mSELECT  "users".* FROM "users" WHERE "users"."id" = ? LIMIT ?[0m  [["id", 0], ["LIMIT", 1]]
Completed 404 Not Found in 3ms (ActiveRecord: 0.3ms)


  
ActiveRecord::RecordNotFound (Couldn't find User with 'id'=retrieve_all):
  
app/controllers/users_controller.rb:83:in `set_user'
Started GET "/users/retrieve_all" for 172.17.20.81 at 2019-09-27 14:53:58 +0800
  [1m[35m (0.2ms)[0m  [1m[34mSELECT "schema_migrations"."version" FROM "schema_migrations" ORDER BY "schema_migrations"."version" ASC[0m
Processing by UsersController#show as */*
  Parameters: {"id"=>"retrieve_all"}
  [1m[36mUser Load (0.2ms)[0m  [1m[34mSELECT  "users".* FROM "users" WHERE "users"."id" = ? LIMIT ?[0m  [["id", 0], ["LIMIT", 1]]
Completed 404 Not Found in 7ms (ActiveRecord: 0.8ms)


  
ActiveRecord::RecordNotFound (Couldn't find User with 'id'=retrieve_all):
  
app/controllers/users_controller.rb:83:in `set_user'
Started GET "/users/retrieveall" for 172.17.20.81 at 2019-09-27 15:05:10 +0800
  [1m[35m (0.5ms)[0m  [1m[34mSELECT "schema_migrations"."version" FROM "schema_migrations" ORDER BY "schema_migrations"."version" ASC[0m
Processing by UsersController#show as */*
  Parameters: {"id"=>"retrieveall"}
  [1m[36mUser Load (0.4ms)[0m  [1m[34mSELECT  "users".* FROM "users" WHERE "users"."id" = ? LIMIT ?[0m  [["id", 0], ["LIMIT", 1]]
Completed 404 Not Found in 7ms (ActiveRecord: 1.3ms)


  
ActiveRecord::RecordNotFound (Couldn't find User with 'id'=retrieveall):
  
app/controllers/users_controller.rb:81:in `set_user'
Started GET "/users/retrieveall" for 172.17.20.81 at 2019-09-27 15:05:15 +0800
Processing by UsersController#show as */*
  Parameters: {"id"=>"retrieveall"}
  [1m[36mUser Load (0.2ms)[0m  [1m[34mSELECT  "users".* FROM "users" WHERE "users"."id" = ? LIMIT ?[0m  [["id", 0], ["LIMIT", 1]]
Completed 404 Not Found in 2ms (ActiveRecord: 0.5ms)


  
ActiveRecord::RecordNotFound (Couldn't find User with 'id'=retrieveall):
  
app/controllers/users_controller.rb:81:in `set_user'
Started GET "/users/retrieveall" for 172.17.20.81 at 2019-09-27 15:05:36 +0800
Processing by UsersController#my_retrieveall as */*
  [1m[36mUser Load (0.9ms)[0m  [1m[34mSELECT "users".* FROM "users"[0m
Completed 200 OK in 29ms (Views: 18.3ms | ActiveRecord: 2.1ms)


Started GET "/users/retrieveall" for 172.17.20.81 at 2019-09-27 15:05:46 +0800
Processing by UsersController#my_retrieveall as */*
  [1m[36mUser Load (0.2ms)[0m  [1m[34mSELECT "users".* FROM "users"[0m
Completed 200 OK in 2ms (Views: 1.7ms | ActiveRecord: 0.2ms)


Started GET "/users/retrieve/2" for 172.17.20.81 at 2019-09-27 15:07:35 +0800
Processing by UsersController#my_retrieve as */*
  Parameters: {"id"=>"2"}
  [1m[36mUser Load (0.2ms)[0m  [1m[34mSELECT  "users".* FROM "users" WHERE "users"."id" = ? LIMIT ?[0m  [["id", 2], ["LIMIT", 1]]
Completed 200 OK in 8ms (Views: 2.6ms | ActiveRecord: 0.2ms)


Started GET "/users/retrieve/1" for 172.17.20.81 at 2019-09-27 15:07:38 +0800
Processing by UsersController#my_retrieve as */*
  Parameters: {"id"=>"1"}
  [1m[36mUser Load (0.2ms)[0m  [1m[34mSELECT  "users".* FROM "users" WHERE "users"."id" = ? LIMIT ?[0m  [["id", 1], ["LIMIT", 1]]
Completed 404 Not Found in 2ms (ActiveRecord: 0.2ms)


  
ActiveRecord::RecordNotFound (Couldn't find User with 'id'=1):
  
app/controllers/users_controller.rb:37:in `my_retrieve'
Started GET "/users/retrieve/" for 172.17.20.81 at 2019-09-27 15:08:01 +0800
  
ActionController::RoutingError (No route matches [GET] "/users/retrieve"):
  
actionpack (5.1.7) lib/action_dispatch/middleware/debug_exceptions.rb:63:in `call'
actionpack (5.1.7) lib/action_dispatch/middleware/show_exceptions.rb:31:in `call'
railties (5.1.7) lib/rails/rack/logger.rb:36:in `call_app'
railties (5.1.7) lib/rails/rack/logger.rb:24:in `block in call'
activesupport (5.1.7) lib/active_support/tagged_logging.rb:69:in `block in tagged'
activesupport (5.1.7) lib/active_support/tagged_logging.rb:26:in `tagged'
activesupport (5.1.7) lib/active_support/tagged_logging.rb:69:in `tagged'
railties (5.1.7) lib/rails/rack/logger.rb:24:in `call'
actionpack (5.1.7) lib/action_dispatch/middleware/remote_ip.rb:79:in `call'
actionpack (5.1.7) lib/action_dispatch/middleware/request_id.rb:25:in `call'
rack (2.0.7) lib/rack/runtime.rb:22:in `call'
activesupport (5.1.7) lib/active_support/cache/strategy/local_cache_middleware.rb:27:in `call'
actionpack (5.1.7) lib/action_dispatch/middleware/executor.rb:12:in `call'
actionpack (5.1.7) lib/action_dispatch/middleware/static.rb:125:in `call'
rack (2.0.7) lib/rack/sendfile.rb:111:in `call'
railties (5.1.7) lib/rails/engine.rb:522:in `call'
puma (3.12.1) lib/puma/configuration.rb:227:in `call'
puma (3.12.1) lib/puma/server.rb:660:in `handle_request'
puma (3.12.1) lib/puma/server.rb:474:in `process_client'
puma (3.12.1) lib/puma/server.rb:334:in `block in run'
puma (3.12.1) lib/puma/thread_pool.rb:135:in `block in spawn_thread'
Started GET "/users/retrieve" for 172.17.20.81 at 2019-09-27 15:08:05 +0800
  
ActionController::RoutingError (No route matches [GET] "/users/retrieve"):
  
actionpack (5.1.7) lib/action_dispatch/middleware/debug_exceptions.rb:63:in `call'
actionpack (5.1.7) lib/action_dispatch/middleware/show_exceptions.rb:31:in `call'
railties (5.1.7) lib/rails/rack/logger.rb:36:in `call_app'
railties (5.1.7) lib/rails/rack/logger.rb:24:in `block in call'
activesupport (5.1.7) lib/active_support/tagged_logging.rb:69:in `block in tagged'
activesupport (5.1.7) lib/active_support/tagged_logging.rb:26:in `tagged'
activesupport (5.1.7) lib/active_support/tagged_logging.rb:69:in `tagged'
railties (5.1.7) lib/rails/rack/logger.rb:24:in `call'
actionpack (5.1.7) lib/action_dispatch/middleware/remote_ip.rb:79:in `call'
actionpack (5.1.7) lib/action_dispatch/middleware/request_id.rb:25:in `call'
rack (2.0.7) lib/rack/runtime.rb:22:in `call'
activesupport (5.1.7) lib/active_support/cache/strategy/local_cache_middleware.rb:27:in `call'
actionpack (5.1.7) lib/action_dispatch/middleware/executor.rb:12:in `call'
actionpack (5.1.7) lib/action_dispatch/middleware/static.rb:125:in `call'
rack (2.0.7) lib/rack/sendfile.rb:111:in `call'
railties (5.1.7) lib/rails/engine.rb:522:in `call'
puma (3.12.1) lib/puma/configuration.rb:227:in `call'
puma (3.12.1) lib/puma/server.rb:660:in `handle_request'
puma (3.12.1) lib/puma/server.rb:474:in `process_client'
puma (3.12.1) lib/puma/server.rb:334:in `block in run'
puma (3.12.1) lib/puma/thread_pool.rb:135:in `block in spawn_thread'
Started GET "/users/retrieveall" for 172.17.20.81 at 2019-09-27 15:08:13 +0800
Processing by UsersController#my_retrieveall as */*
  [1m[36mUser Load (0.5ms)[0m  [1m[34mSELECT "users".* FROM "users"[0m
Completed 200 OK in 4ms (Views: 1.8ms | ActiveRecord: 0.5ms)


Started GET "/users/retrieve/2" for 172.17.20.81 at 2019-09-27 15:09:30 +0800
Processing by UsersController#my_retrieve as */*
  Parameters: {"id"=>"2"}
  [1m[36mUser Load (0.2ms)[0m  [1m[34mSELECT  "users".* FROM "users" WHERE "users"."id" = ? LIMIT ?[0m  [["id", 2], ["LIMIT", 1]]
Completed 200 OK in 2ms (Views: 0.6ms | ActiveRecord: 0.2ms)


Started GET "/users/retrieveall" for 172.17.20.81 at 2019-09-27 15:09:40 +0800
Processing by UsersController#my_retrieveall as */*
  [1m[36mUser Load (0.2ms)[0m  [1m[34mSELECT "users".* FROM "users"[0m
Completed 200 OK in 2ms (Views: 1.2ms | ActiveRecord: 0.2ms)


Started POST "/users/create" for 172.17.20.81 at 2019-09-27 15:11:34 +0800
Processing by UsersController#my_create as */*
  Parameters: {"username"=>"323323223", "status"=>9999, "user"=>{"username"=>"323323223", "status"=>9999}}
  [1m[35m (1.0ms)[0m  [1m[36mbegin transaction[0m
  [1m[35mSQL (2.4ms)[0m  [1m[32mINSERT INTO "users" ("username", "status", "created_at", "updated_at") VALUES (?, ?, ?, ?)[0m  [["username", "323323223"], ["status", 9999], ["created_at", "2019-09-27 07:11:34.800755"], ["updated_at", "2019-09-27 07:11:34.800755"]]
  [1m[35m (1.0ms)[0m  [1m[36mcommit transaction[0m
Completed 500 Internal Server Error in 72ms (ActiveRecord: 4.4ms)


  
NoMethodError (undefined method `user_url' for #<UsersController:0x00007fb7f9b00348>
Did you mean?  user_params):
  
app/controllers/users_controller.rb:7:in `my_create'
Started POST "/users/create" for 172.17.20.81 at 2019-09-27 15:11:56 +0800
Processing by UsersController#my_create as */*
  Parameters: {"username"=>"323323223", "status"=>9999, "user"=>{"username"=>"323323223", "status"=>9999}}
  [1m[35m (0.1ms)[0m  [1m[36mbegin transaction[0m
  [1m[35mSQL (0.6ms)[0m  [1m[32mINSERT INTO "users" ("username", "status", "created_at", "updated_at") VALUES (?, ?, ?, ?)[0m  [["username", "323323223"], ["status", 9999], ["created_at", "2019-09-27 07:11:56.736235"], ["updated_at", "2019-09-27 07:11:56.736235"]]
  [1m[35m (4.6ms)[0m  [1m[36mcommit transaction[0m
Completed 500 Internal Server Error in 95ms (ActiveRecord: 5.3ms)


  
NoMethodError (undefined method `user_url' for #<UsersController:0x00007fb7f9c9b770>
Did you mean?  user_params):
  
app/controllers/users_controller.rb:7:in `my_create'
Started POST "/users/create" for 172.17.20.81 at 2019-09-27 15:13:13 +0800
Processing by UsersController#my_create as */*
  Parameters: {"username"=>"323323223", "status"=>9999, "user"=>{"username"=>"323323223", "status"=>9999}}
  [1m[35m (0.1ms)[0m  [1m[36mbegin transaction[0m
  [1m[35mSQL (0.6ms)[0m  [1m[32mINSERT INTO "users" ("username", "status", "created_at", "updated_at") VALUES (?, ?, ?, ?)[0m  [["username", "323323223"], ["status", 9999], ["created_at", "2019-09-27 07:13:13.119302"], ["updated_at", "2019-09-27 07:13:13.119302"]]
  [1m[35m (1.7ms)[0m  [1m[36mcommit transaction[0m
Completed 500 Internal Server Error in 62ms (ActiveRecord: 2.4ms)


  
NoMethodError (undefined method `user_url' for #<UsersController:0x00007fb7f9bf1ef0>
Did you mean?  user_params):
  
app/controllers/users_controller.rb:7:in `my_create'
Started POST "/users/create" for 172.17.20.81 at 2019-09-27 15:13:27 +0800
Processing by UsersController#my_create as */*
  Parameters: {"username"=>"323", "status"=>9, "user"=>{"username"=>"323", "status"=>9}}
  [1m[35m (0.1ms)[0m  [1m[36mbegin transaction[0m
  [1m[35mSQL (0.6ms)[0m  [1m[32mINSERT INTO "users" ("username", "status", "created_at", "updated_at") VALUES (?, ?, ?, ?)[0m  [["username", "323"], ["status", 9], ["created_at", "2019-09-27 07:13:27.140211"], ["updated_at", "2019-09-27 07:13:27.140211"]]
  [1m[35m (1.1ms)[0m  [1m[36mcommit transaction[0m
Completed 500 Internal Server Error in 69ms (ActiveRecord: 1.8ms)


  
NoMethodError (undefined method `user_url' for #<UsersController:0x00007fb7f8a39820>
Did you mean?  user_params):
  
app/controllers/users_controller.rb:7:in `my_create'
Started POST "/users/create" for 172.17.20.81 at 2019-09-27 15:15:01 +0800
  [1m[35m (0.2ms)[0m  [1m[34mSELECT "schema_migrations"."version" FROM "schema_migrations" ORDER BY "schema_migrations"."version" ASC[0m
Processing by UsersController#my_create as */*
  Parameters: {"username"=>"323", "status"=>9, "user"=>{"username"=>"323", "status"=>9}}
Completed 500 Internal Server Error in 4ms (ActiveRecord: 0.6ms)


  
ActiveModel::ForbiddenAttributesError (ActiveModel::ForbiddenAttributesError):
  
app/controllers/users_controller.rb:5:in `my_create'
Started POST "/users/create" for 172.17.20.81 at 2019-09-27 15:15:06 +0800
Processing by UsersController#my_create as */*
  Parameters: {"username"=>"323", "status"=>9, "user"=>{"username"=>"323", "status"=>9}}
Completed 500 Internal Server Error in 2ms (ActiveRecord: 0.0ms)


  
ActiveModel::ForbiddenAttributesError (ActiveModel::ForbiddenAttributesError):
  
app/controllers/users_controller.rb:5:in `my_create'
Started POST "/users/create" for 172.17.20.81 at 2019-09-27 15:15:06 +0800
Processing by UsersController#my_create as */*
  Parameters: {"username"=>"323", "status"=>9, "user"=>{"username"=>"323", "status"=>9}}
Completed 500 Internal Server Error in 1ms (ActiveRecord: 0.0ms)


  
ActiveModel::ForbiddenAttributesError (ActiveModel::ForbiddenAttributesError):
  
app/controllers/users_controller.rb:5:in `my_create'
Started POST "/users/create" for 172.17.20.81 at 2019-09-27 15:16:32 +0800
Processing by UsersController#my_create as */*
  Parameters: {"user"=>{}}
Completed 400 Bad Request in 1ms (ActiveRecord: 0.5ms)


  
ActionController::ParameterMissing (param is missing or the value is empty: user):
  
app/controllers/users_controller.rb:86:in `user_params'
app/controllers/users_controller.rb:5:in `my_create'
Started POST "/users/create" for 172.17.20.81 at 2019-09-27 15:17:08 +0800
Processing by UsersController#my_create as */*
  Parameters: {"username"=>"323", "status"=>9, "user"=>{"username"=>"323", "status"=>9}}
  [1m[35m (0.1ms)[0m  [1m[36mbegin transaction[0m
  [1m[35mSQL (0.5ms)[0m  [1m[32mINSERT INTO "users" ("username", "status", "created_at", "updated_at") VALUES (?, ?, ?, ?)[0m  [["username", "323"], ["status", 9], ["created_at", "2019-09-27 07:17:08.248961"], ["updated_at", "2019-09-27 07:17:08.248961"]]
  [1m[35m (0.8ms)[0m  [1m[36mcommit transaction[0m
Completed 500 Internal Server Error in 66ms (ActiveRecord: 3.0ms)


  
NoMethodError (undefined method `user_url' for #<UsersController:0x00007ffb5fb28ee8>):
  
app/controllers/users_controller.rb:8:in `my_create'
Started GET "/users/retrieveall" for 172.17.20.81 at 2019-09-27 15:19:21 +0800
Processing by UsersController#my_retrieveall as */*
  [1m[36mUser Load (0.3ms)[0m  [1m[34mSELECT "users".* FROM "users"[0m
Completed 200 OK in 11ms (Views: 9.4ms | ActiveRecord: 0.3ms)


Started POST "/users/create" for 172.17.20.81 at 2019-09-27 15:20:08 +0800
  [1m[35m (0.2ms)[0m  [1m[34mSELECT "schema_migrations"."version" FROM "schema_migrations" ORDER BY "schema_migrations"."version" ASC[0m
Processing by UsersController#my_create as */*
  Parameters: {"username"=>"323", "status"=>9, "user"=>{"username"=>"323", "status"=>9}}
  [1m[35m (0.1ms)[0m  [1m[36mbegin transaction[0m
  [1m[35mSQL (0.4ms)[0m  [1m[32mINSERT INTO "users" ("username", "status", "created_at", "updated_at") VALUES (?, ?, ?, ?)[0m  [["username", "323"], ["status", 9], ["created_at", "2019-09-27 07:20:08.430976"], ["updated_at", "2019-09-27 07:20:08.430976"]]
  [1m[35m (0.8ms)[0m  [1m[36mcommit transaction[0m
Completed 200 OK in 8ms (Views: 0.4ms | ActiveRecord: 1.8ms)


Started POST "/users/delete/5" for 172.17.20.81 at 2019-09-27 15:21:19 +0800
Processing by UsersController#my_delete as */*
  Parameters: {"username"=>"323", "status"=>9, "id"=>"5", "user"=>{"username"=>"323", "status"=>9}}
  [1m[36mUser Load (0.2ms)[0m  [1m[34mSELECT  "users".* FROM "users" WHERE "users"."id" = ? LIMIT ?[0m  [["id", 5], ["LIMIT", 1]]
  [1m[35m (0.1ms)[0m  [1m[36mbegin transaction[0m
  [1m[35mSQL (0.4ms)[0m  [1m[31mDELETE FROM "users" WHERE "users"."id" = ?[0m  [["id", 5]]
  [1m[35m (0.7ms)[0m  [1m[36mcommit transaction[0m
Completed 500 Internal Server Error in 13ms (Views: 0.9ms | ActiveRecord: 2.3ms)


Started GET "/users/retrieveall" for 172.17.20.81 at 2019-09-27 15:21:40 +0800
Processing by UsersController#my_retrieveall as */*
  [1m[36mUser Load (1.2ms)[0m  [1m[34mSELECT "users".* FROM "users"[0m
Completed 200 OK in 5ms (Views: 3.1ms | ActiveRecord: 1.2ms)


Started GET "/users/update/6" for 172.17.20.81 at 2019-09-27 15:22:56 +0800
  
ActionController::RoutingError (No route matches [GET] "/users/update/6"):
  
actionpack (5.1.7) lib/action_dispatch/middleware/debug_exceptions.rb:63:in `call'
actionpack (5.1.7) lib/action_dispatch/middleware/show_exceptions.rb:31:in `call'
railties (5.1.7) lib/rails/rack/logger.rb:36:in `call_app'
railties (5.1.7) lib/rails/rack/logger.rb:24:in `block in call'
activesupport (5.1.7) lib/active_support/tagged_logging.rb:69:in `block in tagged'
activesupport (5.1.7) lib/active_support/tagged_logging.rb:26:in `tagged'
activesupport (5.1.7) lib/active_support/tagged_logging.rb:69:in `tagged'
railties (5.1.7) lib/rails/rack/logger.rb:24:in `call'
actionpack (5.1.7) lib/action_dispatch/middleware/remote_ip.rb:79:in `call'
actionpack (5.1.7) lib/action_dispatch/middleware/request_id.rb:25:in `call'
rack (2.0.7) lib/rack/runtime.rb:22:in `call'
activesupport (5.1.7) lib/active_support/cache/strategy/local_cache_middleware.rb:27:in `call'
actionpack (5.1.7) lib/action_dispatch/middleware/executor.rb:12:in `call'
actionpack (5.1.7) lib/action_dispatch/middleware/static.rb:125:in `call'
rack (2.0.7) lib/rack/sendfile.rb:111:in `call'
railties (5.1.7) lib/rails/engine.rb:522:in `call'
puma (3.12.1) lib/puma/configuration.rb:227:in `call'
puma (3.12.1) lib/puma/server.rb:660:in `handle_request'
puma (3.12.1) lib/puma/server.rb:474:in `process_client'
puma (3.12.1) lib/puma/server.rb:334:in `block in run'
puma (3.12.1) lib/puma/thread_pool.rb:135:in `block in spawn_thread'
Started POST "/users/update/6" for 172.17.20.81 at 2019-09-27 15:23:01 +0800
Processing by UsersController#my_update as */*
  Parameters: {"username"=>"qqqqzzzz", "status"=>8999, "id"=>"6", "user"=>{"username"=>"qqqqzzzz", "status"=>8999}}
Completed 500 Internal Server Error in 2ms (ActiveRecord: 0.0ms)


  
NoMethodError (undefined method `update' for nil:NilClass):
  
app/controllers/users_controller.rb:25:in `my_update'
Started POST "/users/update/7" for 172.17.20.81 at 2019-09-27 15:23:23 +0800
Processing by UsersController#my_update as */*
  Parameters: {"username"=>"qqqqzzzz", "status"=>8999, "id"=>"7", "user"=>{"username"=>"qqqqzzzz", "status"=>8999}}
Completed 500 Internal Server Error in 2ms (ActiveRecord: 0.0ms)


  
NoMethodError (undefined method `update' for nil:NilClass):
  
app/controllers/users_controller.rb:25:in `my_update'
Started POST "/users/update/7" for 172.17.20.81 at 2019-09-27 15:23:51 +0800
Processing by UsersController#my_update as */*
  Parameters: {"username"=>"qqqqzzzz", "status"=>8999, "id"=>"7", "user"=>{"username"=>"qqqqzzzz", "status"=>8999}}
  [1m[36mUser Load (0.3ms)[0m  [1m[34mSELECT  "users".* FROM "users" WHERE "users"."id" = ? LIMIT ?[0m  [["id", 7], ["LIMIT", 1]]
  [1m[35m (0.1ms)[0m  [1m[36mbegin transaction[0m
  [1m[35mSQL (1.2ms)[0m  [1m[33mUPDATE "users" SET "username" = ?, "status" = ?, "updated_at" = ? WHERE "users"."id" = ?[0m  [["username", "qqqqzzzz"], ["status", 8999], ["updated_at", "2019-09-27 07:23:51.099821"], ["id", 7]]
  [1m[35m (1.4ms)[0m  [1m[36mcommit transaction[0m
Completed 200 OK in 23ms (Views: 0.8ms | ActiveRecord: 4.4ms)


Started GET "/users/retrieve/7" for 172.17.20.81 at 2019-09-27 15:24:01 +0800
Processing by UsersController#my_retrieve as */*
  Parameters: {"id"=>"7"}
  [1m[36mUser Load (0.8ms)[0m  [1m[34mSELECT  "users".* FROM "users" WHERE "users"."id" = ? LIMIT ?[0m  [["id", 7], ["LIMIT", 1]]
Completed 200 OK in 4ms (Views: 1.6ms | ActiveRecord: 0.8ms)


